<?xml version="1.0" encoding="UTF-8"?>
<testsuite xmlns:xsi="http://www.w3.org/2001/XMLSchema-instance" xsi:noNamespaceSchemaLocation="https://maven.apache.org/surefire/maven-surefire-plugin/xsd/surefire-test-report-3.0.xsd" version="3.0" name="com.doa.labmasterv10.ApplicationTests" time="16.952" tests="1" errors="0" skipped="0" failures="0">
  <properties>
[...]
</properties>
  <testcase name="contextLoads" classname="com.doa.labmasterv10.ApplicationTests" time="1.567">
    <system-out><![CDATA[20:37:11.783 [main] INFO org.springframework.test.context.support.AnnotationConfigContextLoaderUtils -- Could not detect default configuration classes for test class [com.doa.labmasterv10.ApplicationTests]: ApplicationTests does not declare any static, non-private, non-final, nested classes annotated with @Configuration.
20:37:12.281 [main] INFO org.springframework.boot.test.context.SpringBootTestContextBootstrapper -- Found @SpringBootConfiguration com.doa.labmasterv10.Application for test class com.doa.labmasterv10.ApplicationTests
20:37:12.913 [main] INFO org.springframework.boot.devtools.restart.RestartApplicationListener -- Restart disabled due to context in which it is running

  .   ____          _            __ _ _
 /\\ / ___'_ __ _ _(_)_ __  __ _ \ \ \ \
( ( )\___ | '_ | '_| | '_ \/ _` | \ \ \ \
 \\/  ___)| |_)| | | | | || (_| |  ) ) ) )
  '  |____| .__|_| |_|_| |_\__, | / / / /
 =========|_|==============|___/=/_/_/_/
 :: Spring Boot ::       (v3.2.6-SNAPSHOT)

2024-06-03T20:37:13.828+03:00  INFO 11192 --- [lab-master-v1.0] [           main] com.doa.labmasterv10.ApplicationTests    : Starting ApplicationTests using Java 21.0.3 with PID 11192 (started by doa in C:\Users\doa\Desktop\lab-master-v1.0)
2024-06-03T20:37:13.830+03:00  INFO 11192 --- [lab-master-v1.0] [           main] com.doa.labmasterv10.ApplicationTests    : No active profile set, falling back to 1 default profile: "default"
2024-06-03T20:37:16.729+03:00  INFO 11192 --- [lab-master-v1.0] [           main] .s.d.r.c.RepositoryConfigurationDelegate : Multiple Spring Data modules found, entering strict repository configuration mode
2024-06-03T20:37:16.733+03:00  INFO 11192 --- [lab-master-v1.0] [           main] .s.d.r.c.RepositoryConfigurationDelegate : Bootstrapping Spring Data JDBC repositories in DEFAULT mode.
2024-06-03T20:37:16.830+03:00  INFO 11192 --- [lab-master-v1.0] [           main] .RepositoryConfigurationExtensionSupport : Spring Data JDBC - Could not safely identify store assignment for repository candidate interface com.doa.labmasterv10.Repository.LaborantRepository; If you want this repository to be a JDBC repository, consider annotating your entities with one of these annotations: org.springframework.data.relational.core.mapping.Table.
2024-06-03T20:37:16.838+03:00  INFO 11192 --- [lab-master-v1.0] [           main] .RepositoryConfigurationExtensionSupport : Spring Data JDBC - Could not safely identify store assignment for repository candidate interface com.doa.labmasterv10.Repository.ReportRepository; If you want this repository to be a JDBC repository, consider annotating your entities with one of these annotations: org.springframework.data.relational.core.mapping.Table.
2024-06-03T20:37:16.840+03:00  INFO 11192 --- [lab-master-v1.0] [           main] .s.d.r.c.RepositoryConfigurationDelegate : Finished Spring Data repository scanning in 93 ms. Found 0 JDBC repository interfaces.
2024-06-03T20:37:16.904+03:00  INFO 11192 --- [lab-master-v1.0] [           main] .s.d.r.c.RepositoryConfigurationDelegate : Multiple Spring Data modules found, entering strict repository configuration mode
2024-06-03T20:37:16.906+03:00  INFO 11192 --- [lab-master-v1.0] [           main] .s.d.r.c.RepositoryConfigurationDelegate : Bootstrapping Spring Data JPA repositories in DEFAULT mode.
2024-06-03T20:37:17.026+03:00  INFO 11192 --- [lab-master-v1.0] [           main] .s.d.r.c.RepositoryConfigurationDelegate : Finished Spring Data repository scanning in 110 ms. Found 2 JPA repository interfaces.
2024-06-03T20:37:18.197+03:00  INFO 11192 --- [lab-master-v1.0] [           main] com.zaxxer.hikari.HikariDataSource       : HikariPool-1 - Starting...
2024-06-03T20:37:19.345+03:00  INFO 11192 --- [lab-master-v1.0] [           main] com.zaxxer.hikari.pool.HikariPool        : HikariPool-1 - Added connection com.mysql.cj.jdbc.ConnectionImpl@61359e87
2024-06-03T20:37:19.351+03:00  INFO 11192 --- [lab-master-v1.0] [           main] com.zaxxer.hikari.HikariDataSource       : HikariPool-1 - Start completed.
2024-06-03T20:37:19.772+03:00  INFO 11192 --- [lab-master-v1.0] [           main] o.hibernate.jpa.internal.util.LogHelper  : HHH000204: Processing PersistenceUnitInfo [name: default]
2024-06-03T20:37:20.033+03:00  INFO 11192 --- [lab-master-v1.0] [           main] org.hibernate.Version                    : HHH000412: Hibernate ORM core version 6.4.8.Final
2024-06-03T20:37:20.184+03:00  INFO 11192 --- [lab-master-v1.0] [           main] o.h.c.internal.RegionFactoryInitiator    : HHH000026: Second-level cache disabled
2024-06-03T20:37:21.031+03:00  INFO 11192 --- [lab-master-v1.0] [           main] o.s.o.j.p.SpringPersistenceUnitInfo      : No LoadTimeWeaver setup: ignoring JPA class transformer
2024-06-03T20:37:23.196+03:00  INFO 11192 --- [lab-master-v1.0] [           main] o.h.e.t.j.p.i.JtaPlatformInitiator       : HHH000489: No JTA platform available (set 'hibernate.transaction.jta.platform' to enable JTA platform integration)
2024-06-03T20:37:23.632+03:00  INFO 11192 --- [lab-master-v1.0] [           main] j.LocalContainerEntityManagerFactoryBean : Initialized JPA EntityManagerFactory for persistence unit 'default'
2024-06-03T20:37:24.843+03:00  WARN 11192 --- [lab-master-v1.0] [           main] JpaBaseConfiguration$JpaWebConfiguration : spring.jpa.open-in-view is enabled by default. Therefore, database queries may be performed during view rendering. Explicitly configure spring.jpa.open-in-view to disable this warning
2024-06-03T20:37:24.910+03:00  INFO 11192 --- [lab-master-v1.0] [           main] o.s.b.a.w.s.WelcomePageHandlerMapping    : Adding welcome page template: index
2024-06-03T20:37:26.397+03:00  INFO 11192 --- [lab-master-v1.0] [           main] o.s.s.web.DefaultSecurityFilterChain     : Will secure any request with [org.springframework.security.web.session.DisableEncodeUrlFilter@7b8d1537, org.springframework.security.web.context.request.async.WebAsyncManagerIntegrationFilter@497cf31a, org.springframework.security.web.context.SecurityContextHolderFilter@5a02fca5, org.springframework.security.web.header.HeaderWriterFilter@8b727cb, org.springframework.web.filter.CorsFilter@530aa75c, org.springframework.security.web.csrf.CsrfFilter@46ee9cfd, org.springframework.security.web.authentication.logout.LogoutFilter@12dd3501, org.springframework.security.web.authentication.UsernamePasswordAuthenticationFilter@5fe19d0e, org.springframework.security.web.authentication.ui.DefaultLoginPageGeneratingFilter@315bb2bb, org.springframework.security.web.authentication.ui.DefaultLogoutPageGeneratingFilter@593d0173, org.springframework.security.web.authentication.www.BasicAuthenticationFilter@36109a76, org.springframework.security.web.savedrequest.RequestCacheAwareFilter@c9234a0, org.springframework.security.web.servletapi.SecurityContextHolderAwareRequestFilter@46bbcb82, org.springframework.security.web.authentication.AnonymousAuthenticationFilter@4a0a93ce, org.springframework.security.web.access.ExceptionTranslationFilter@36e9fd4f, org.springframework.security.web.access.intercept.AuthorizationFilter@5e609b42]
2024-06-03T20:37:26.559+03:00  INFO 11192 --- [lab-master-v1.0] [           main] com.doa.labmasterv10.ApplicationTests    : Started ApplicationTests in 13.708 seconds (process running for 17.389)
]]></system-out>
    <system-err><![CDATA[WARNING: A Java agent has been loaded dynamically (C:\Users\doa\.m2\repository\net\bytebuddy\byte-buddy-agent\1.14.16\byte-buddy-agent-1.14.16.jar)
WARNING: If a serviceability tool is in use, please run with -XX:+EnableDynamicAgentLoading to hide this warning
WARNING: If a serviceability tool is not in use, please run with -Djdk.instrument.traceUsage for more information
WARNING: Dynamic loading of agents will be disallowed by default in a future release
]]></system-err>
  </testcase>
</testsuite>